<?xml version="1.0" encoding="UTF-8"?>
<testng-results skipped="0" failed="0" ignored="0" total="1" passed="1">
  <reporter-output>
  </reporter-output>
  <suite name="Default suite" duration-ms="9083" started-at="2019-04-21T07:19:26Z" finished-at="2019-04-21T07:19:35Z">
    <groups>
    </groups>
    <test name="Default test" duration-ms="9083" started-at="2019-04-21T07:19:26Z" finished-at="2019-04-21T07:19:35Z">
      <class name="SeleniumGrid.SeleniumGrid">
        <test-method status="PASS" signature="f()[pri:0, instance:SeleniumGrid.SeleniumGrid@67b467e9]" name="f" duration-ms="9047" started-at="2019-04-21T07:19:26Z" finished-at="2019-04-21T07:19:35Z">
          <reporter-output>
          </reporter-output>
        </test-method> <!-- f -->
      </class> <!-- SeleniumGrid.SeleniumGrid -->
    </test> <!-- Default test -->
  </suite> <!-- Default suite -->
</testng-results>
