<?xml version="1.0" encoding="UTF-8"?>
<testng-results skipped="0" failed="1" ignored="0" total="1" passed="0">
  <reporter-output>
  </reporter-output>
  <suite name="CRMPROLoginPage" duration-ms="10873" started-at="2019-04-21T17:55:42Z" finished-at="2019-04-21T17:55:53Z">
    <groups>
    </groups>
    <test name="CRMPROLoginPageTest" duration-ms="10873" started-at="2019-04-21T17:55:42Z" finished-at="2019-04-21T17:55:53Z">
      <class name="TestNG_ParametersAnnotation.TestNG_ParametersAnnotation">
        <test-method status="FAIL" signature="CRMPROLoginPageTest(java.lang.String, java.lang.String, java.lang.String, java.lang.String, java.lang.String, java.lang.String)[pri:0, instance:TestNG_ParametersAnnotation.TestNG_ParametersAnnotation@3891771e]" name="CRMPROLoginPageTest" duration-ms="10827" started-at="2019-04-21T17:55:42Z" finished-at="2019-04-21T17:55:52Z">
          <params>
            <param index="0">
              <value>
                <![CDATA[chrome]]>
              </value>
            </param>
            <param index="1">
              <value>
                <![CDATA[https://www.crmpro.com]]>
              </value>
            </param>
            <param index="2">
              <value>
                <![CDATA[guptaav90]]>
              </value>
            </param>
            <param index="3">
              <value>
                <![CDATA[username]]>
              </value>
            </param>
            <param index="4">
              <value>
                <![CDATA[password]]>
              </value>
            </param>
            <param index="5">
              <value>
                <![CDATA[cspl@2020]]>
              </value>
            </param>
          </params>
          <exception class="java.lang.NullPointerException">
            <full-stacktrace>
              <![CDATA[java.lang.NullPointerException
at TestNG_ParametersAnnotation.TestNG_ParametersAnnotation.CRMPROLoginPageTest(TestNG_ParametersAnnotation.java:38)
at sun.reflect.NativeMethodAccessorImpl.invoke0(Native Method)
at sun.reflect.NativeMethodAccessorImpl.invoke(NativeMethodAccessorImpl.java:62)
at sun.reflect.DelegatingMethodAccessorImpl.invoke(DelegatingMethodAccessorImpl.java:43)
at java.lang.reflect.Method.invoke(Method.java:498)
at org.testng.internal.MethodInvocationHelper.invokeMethod(MethodInvocationHelper.java:124)
at org.testng.internal.Invoker.invokeMethod(Invoker.java:580)
at org.testng.internal.Invoker.invokeTestMethod(Invoker.java:716)
at org.testng.internal.Invoker.invokeTestMethods(Invoker.java:988)
at org.testng.internal.TestMethodWorker.invokeTestMethods(TestMethodWorker.java:125)
at org.testng.internal.TestMethodWorker.run(TestMethodWorker.java:109)
at org.testng.TestRunner.privateRun(TestRunner.java:648)
at org.testng.TestRunner.run(TestRunner.java:505)
at org.testng.SuiteRunner.runTest(SuiteRunner.java:455)
at org.testng.SuiteRunner.runSequentially(SuiteRunner.java:450)
at org.testng.SuiteRunner.privateRun(SuiteRunner.java:415)
at org.testng.SuiteRunner.run(SuiteRunner.java:364)
at org.testng.SuiteRunnerWorker.runSuite(SuiteRunnerWorker.java:52)
at org.testng.SuiteRunnerWorker.run(SuiteRunnerWorker.java:84)
at org.testng.TestNG.runSuitesSequentially(TestNG.java:1208)
at org.testng.TestNG.runSuitesLocally(TestNG.java:1137)
at org.testng.TestNG.runSuites(TestNG.java:1049)
at org.testng.TestNG.run(TestNG.java:1017)
at org.testng.remote.AbstractRemoteTestNG.run(AbstractRemoteTestNG.java:114)
at org.testng.remote.RemoteTestNG.initAndRun(RemoteTestNG.java:251)
at org.testng.remote.RemoteTestNG.main(RemoteTestNG.java:77)
]]>
            </full-stacktrace>
          </exception> <!-- java.lang.NullPointerException -->
          <reporter-output>
          </reporter-output>
        </test-method> <!-- CRMPROLoginPageTest -->
      </class> <!-- TestNG_ParametersAnnotation.TestNG_ParametersAnnotation -->
    </test> <!-- CRMPROLoginPageTest -->
  </suite> <!-- CRMPROLoginPage -->
</testng-results>
