<?xml version="1.0" encoding="UTF-8"?>
<!-- Generated by org.testng.reporters.JUnitXMLReporter -->
<testsuite hostname="LP-PC0MQFYK" ignored="0" name="CRMPROLoginPageTest" tests="1" failures="1" timestamp="21 Apr 2019 17:55:53 GMT" time="10.873" errors="0">
  <testcase name="CRMPROLoginPageTest" time="10.827" classname="TestNG_ParametersAnnotation.TestNG_ParametersAnnotation">
    <failure type="java.lang.NullPointerException">
      <![CDATA[java.lang.NullPointerException
at TestNG_ParametersAnnotation.TestNG_ParametersAnnotation.CRMPROLoginPageTest(TestNG_ParametersAnnotation.java:38)
... Removed 25 stack frames]]>
    </failure>
  </testcase> <!-- CRMPROLoginPageTest -->
</testsuite> <!-- CRMPROLoginPageTest -->
