<?xml version="1.0" encoding="UTF-8"?>
<testsuite xmlns:xsi="http://www.w3.org/2001/XMLSchema-instance" xsi:noNamespaceSchemaLocation="https://maven.apache.org/surefire/maven-surefire-plugin/xsd/surefire-test-report.xsd" name="TestSuite" time="3.737" tests="9" errors="0" skipped="6" failures="3">
  <properties>
[...]
</properties>
  <testcase name="GooglePageTest" classname="Execute_Failed_TestCases_Using_IRetryAnalyzer.FailedTestCases" time="0">
    <skipped message="unknown error: cannot find Chrome binary&#10;  (Driver info: chromedriver=2.43.600210 (68dcf5eebde37173d4027fa8635e332711d2874a),platform=Windows NT 10.0.16299 x86_64) (WARNING: The server did not provide any stacktrace information)&#10;Command duration or timeout: 94 milliseconds&#10;Build info: version: &apos;3.8.1&apos;, revision: &apos;6e95a6684b&apos;, time: &apos;2017-12-01T18:33:54.468Z&apos;&#10;System info: host: &apos;LP-PC0MQFYK&apos;, ip: &apos;10.141.234.108&apos;, os.name: &apos;Windows 10&apos;, os.arch: &apos;amd64&apos;, os.version: &apos;10.0&apos;, java.version: &apos;1.8.0_131&apos;&#10;Driver info: driver.version: ChromeDriver"/>
    <system-err><![CDATA[Starting ChromeDriver 2.43.600210 (68dcf5eebde37173d4027fa8635e332711d2874a) on port 36887
Only local connections are allowed.
]]></system-err>
  </testcase>
  <testcase name="GooglePageTest" classname="Execute_Failed_TestCases_Using_IRetryAnalyzer.FailedTestCases" time="0">
    <skipped message="unknown error: cannot find Chrome binary&#10;  (Driver info: chromedriver=2.43.600210 (68dcf5eebde37173d4027fa8635e332711d2874a),platform=Windows NT 10.0.16299 x86_64) (WARNING: The server did not provide any stacktrace information)&#10;Command duration or timeout: 48 milliseconds&#10;Build info: version: &apos;3.8.1&apos;, revision: &apos;6e95a6684b&apos;, time: &apos;2017-12-01T18:33:54.468Z&apos;&#10;System info: host: &apos;LP-PC0MQFYK&apos;, ip: &apos;10.141.234.108&apos;, os.name: &apos;Windows 10&apos;, os.arch: &apos;amd64&apos;, os.version: &apos;10.0&apos;, java.version: &apos;1.8.0_131&apos;&#10;Driver info: driver.version: ChromeDriver"/>
    <system-err><![CDATA[Starting ChromeDriver 2.43.600210 (68dcf5eebde37173d4027fa8635e332711d2874a) on port 16950
Only local connections are allowed.
]]></system-err>
  </testcase>
  <testcase name="GooglePageTest" classname="Execute_Failed_TestCases_Using_IRetryAnalyzer.FailedTestCases" time="0.625">
    <failure message="unknown error: cannot find Chrome binary&#10;  (Driver info: chromedriver=2.43.600210 (68dcf5eebde37173d4027fa8635e332711d2874a),platform=Windows NT 10.0.16299 x86_64) (WARNING: The server did not provide any stacktrace information)&#10;Command duration or timeout: 63 milliseconds&#10;Build info: version: &apos;3.8.1&apos;, revision: &apos;6e95a6684b&apos;, time: &apos;2017-12-01T18:33:54.468Z&apos;&#10;System info: host: &apos;LP-PC0MQFYK&apos;, ip: &apos;10.141.234.108&apos;, os.name: &apos;Windows 10&apos;, os.arch: &apos;amd64&apos;, os.version: &apos;10.0&apos;, java.version: &apos;1.8.0_131&apos;&#10;Driver info: driver.version: ChromeDriver" type="org.openqa.selenium.WebDriverException">org.openqa.selenium.WebDriverException: 
unknown error: cannot find Chrome binary
  (Driver info: chromedriver=2.43.600210 (68dcf5eebde37173d4027fa8635e332711d2874a),platform=Windows NT 10.0.16299 x86_64) (WARNING: The server did not provide any stacktrace information)
Command duration or timeout: 63 milliseconds
Build info: version: '3.8.1', revision: '6e95a6684b', time: '2017-12-01T18:33:54.468Z'
System info: host: 'LP-PC0MQFYK', ip: '10.141.234.108', os.name: 'Windows 10', os.arch: 'amd64', os.version: '10.0', java.version: '1.8.0_131'
Driver info: driver.version: ChromeDriver
	at Execute_Failed_TestCases_Using_IRetryAnalyzer.FailedTestCases.GooglePageTest(FailedTestCases.java:18)
</failure>
    <system-err><![CDATA[Starting ChromeDriver 2.43.600210 (68dcf5eebde37173d4027fa8635e332711d2874a) on port 14143
Only local connections are allowed.
]]></system-err>
  </testcase>
  <testcase name="GmailPageTest" classname="Execute_Failed_TestCases_Using_IRetryAnalyzer.FailedTestCases" time="0">
    <skipped/>
  </testcase>
  <testcase name="GmailPageTest" classname="Execute_Failed_TestCases_Using_IRetryAnalyzer.FailedTestCases" time="0">
    <skipped/>
  </testcase>
  <testcase name="GmailPageTest" classname="Execute_Failed_TestCases_Using_IRetryAnalyzer.FailedTestCases" time="0">
    <failure type="java.lang.NullPointerException">java.lang.NullPointerException
	at Execute_Failed_TestCases_Using_IRetryAnalyzer.FailedTestCases.GmailPageTest(FailedTestCases.java:33)
</failure>
  </testcase>
  <testcase name="LearnMoreTest" classname="Execute_Failed_TestCases_Using_IRetryAnalyzer.FailedTestCases" time="0">
    <skipped/>
  </testcase>
  <testcase name="LearnMoreTest" classname="Execute_Failed_TestCases_Using_IRetryAnalyzer.FailedTestCases" time="0">
    <skipped/>
  </testcase>
  <testcase name="LearnMoreTest" classname="Execute_Failed_TestCases_Using_IRetryAnalyzer.FailedTestCases" time="0">
    <failure type="java.lang.NullPointerException">java.lang.NullPointerException
	at Execute_Failed_TestCases_Using_IRetryAnalyzer.FailedTestCases.LearnMoreTest(FailedTestCases.java:48)
</failure>
  </testcase>
</testsuite>